#
# There is insufficient memory for the Java Runtime Environment to continue.
# Native memory allocation (mmap) failed to map 268435456 bytes for Failed to commit area from 0x0000000701c00000 to 0x0000000711c00000 of length 268435456.
# Possible reasons:
#   The system is out of physical RAM or swap space
#   The process is running with CompressedOops enabled, and the Java Heap may be blocking the growth of the native heap
# Possible solutions:
#   Reduce memory load on the system
#   Increase physical memory or swap space
#   Check if swap backing store is full
#   Decrease Java heap size (-Xmx/-Xms)
#   Decrease number of Java threads
#   Decrease Java thread stack sizes (-Xss)
#   Set larger code cache with -XX:ReservedCodeCacheSize=
# This output file may be truncated or incomplete.
#
#  Out of Memory Error (t:/workspace/open/src/hotspot/os/windows/os_windows.cpp:3254), pid=36372, tid=6176
#
# JRE version:  (12.0.1+12) (build )
# Java VM: Java HotSpot(TM) 64-Bit Server VM (12.0.1+12, mixed mode, aot, sharing, tiered, compressed oops, g1 gc, windows-amd64)
# No core dump will be written. Minidumps are not enabled by default on client versions of Windows
#

---------------  S U M M A R Y ------------

Command Line: -Dfile.encoding=Cp1252 base.ClassMain

Host: Intel(R) Core(TM) i7-7700HQ CPU @ 2.80GHz, 8 cores, 15G,  Windows 10 , 64 bit Build 18362 (10.0.18362.329)
Time: Sun Jan 19 22:20:59 2020 ora solare Europa occidentale elapsed time: 0 seconds (0d 0h 0m 0s)

---------------  T H R E A D  ---------------

Current thread (0x000001e9bb0f7000):  JavaThread "Unknown thread" [_thread_in_vm, id=6176, stack(0x0000000624d00000,0x0000000624e00000)]

Stack: [0x0000000624d00000,0x0000000624e00000]
Native frames: (J=compiled Java code, j=interpreted, Vv=VM code, C=native code)
V  [jvm.dll+0x63948a]
V  [jvm.dll+0x78b31f]
V  [jvm.dll+0x78c9c1]
V  [jvm.dll+0x78d013]
V  [jvm.dll+0x262138]
V  [jvm.dll+0x63698a]
V  [jvm.dll+0x62b505]
V  [jvm.dll+0x31d9bc]
V  [jvm.dll+0x31d7ef]
V  [jvm.dll+0x323526]
V  [jvm.dll+0x370f76]
V  [jvm.dll+0x370750]
V  [jvm.dll+0x2f786a]
V  [jvm.dll+0x2f8af2]
V  [jvm.dll+0x7657b7]
V  [jvm.dll+0x766e95]
V  [jvm.dll+0x37f089]
V  [jvm.dll+0x749b14]
V  [jvm.dll+0x3ee48d]
V  [jvm.dll+0x3f03c1]
C  [jli.dll+0x51cf]
C  [ucrtbase.dll+0x20e72]
C  [KERNEL32.DLL+0x17bd4]
C  [ntdll.dll+0x6ced1]


---------------  P R O C E S S  ---------------

Threads class SMR info:
_java_thread_list=0x00007ff83b3348e8, length=0, elements={
}

Java Threads: ( => current thread )

Other Threads:
  0x000001e9bb15d000 GCTaskThread "GC Thread#0" [stack: 0x0000000624e00000,0x0000000624f00000] [id=3360]
  0x000001e9bb178000 ConcurrentGCThread "G1 Main Marker" [stack: 0x0000000624f00000,0x0000000625000000] [id=13596]
  0x000001e9bb17d800 ConcurrentGCThread "G1 Conc#0" [stack: 0x0000000625000000,0x0000000625100000] [id=3256]

[error occurred during error reporting (printing all threads), id 0xc0000005, EXCEPTION_ACCESS_VIOLATION (0xc0000005) at pc=0x00007ff83ab67a37]

VM state:not at safepoint (not fully initialized)

VM Mutex/Monitor currently owned by a thread:  ([mutex/lock_event])
[0x000001e9bb0f1e90] Heap_lock - owner thread: 0x000001e9bb0f7000

Heap address: 0x0000000701c00000, size: 4068 MB, Compressed Oops mode: Non-zero based: 0x0000000701c00000
Narrow klass base: 0x0000000000000000, Narrow klass shift: 0

GC Heap History (0 events):
No events

Deoptimization events (0 events):
No events

Classes redefined (0 events):
No events

Internal exceptions (0 events):
No events

Events (0 events):
No events


Dynamic libraries:
0x00007ff6387b0000 - 0x00007ff6387bf000 	C:\Program Files\Java\jdk-12.0.1\bin\javaw.exe
0x00007ff8886e0000 - 0x00007ff8888d0000 	C:\WINDOWS\SYSTEM32\ntdll.dll
0x00007ff887060000 - 0x00007ff887112000 	C:\WINDOWS\System32\KERNEL32.DLL
0x00007ff886120000 - 0x00007ff8863c3000 	C:\WINDOWS\System32\KERNELBASE.dll
0x00007ff8865d0000 - 0x00007ff8866ca000 	C:\WINDOWS\System32\ucrtbase.dll
0x00007ff879a80000 - 0x00007ff879a98000 	C:\Program Files\Java\jdk-12.0.1\bin\jli.dll
0x00007ff879a60000 - 0x00007ff879a76000 	C:\Program Files\Java\jdk-12.0.1\bin\VCRUNTIME140.dll
0x00007ff887520000 - 0x00007ff8875c3000 	C:\WINDOWS\System32\ADVAPI32.dll
0x00007ff8875f0000 - 0x00007ff88768e000 	C:\WINDOWS\System32\msvcrt.dll
0x00007ff887690000 - 0x00007ff887727000 	C:\WINDOWS\System32\sechost.dll
0x00007ff887730000 - 0x00007ff887850000 	C:\WINDOWS\System32\RPCRT4.dll
0x00007ff887c70000 - 0x00007ff887e04000 	C:\WINDOWS\System32\USER32.dll
0x00007ff8860f0000 - 0x00007ff886111000 	C:\WINDOWS\System32\win32u.dll
0x00007ff872980000 - 0x00007ff872c05000 	C:\WINDOWS\WinSxS\amd64_microsoft.windows.common-controls_6595b64144ccf1df_6.0.18362.535_none_e6c3b34713100821\COMCTL32.dll
0x00007ff888670000 - 0x00007ff888696000 	C:\WINDOWS\System32\GDI32.dll
0x00007ff887900000 - 0x00007ff887c36000 	C:\WINDOWS\System32\combase.dll
0x00007ff8863d0000 - 0x00007ff886564000 	C:\WINDOWS\System32\gdi32full.dll
0x00007ff8866d0000 - 0x00007ff88676e000 	C:\WINDOWS\System32\msvcp_win.dll
0x00007ff8856f0000 - 0x00007ff885770000 	C:\WINDOWS\System32\bcryptPrimitives.dll
0x00007ff87cb90000 - 0x00007ff87cb9a000 	C:\WINDOWS\SYSTEM32\VERSION.dll
0x00007ff887c40000 - 0x00007ff887c6e000 	C:\WINDOWS\System32\IMM32.DLL
0x00007ff86fba0000 - 0x00007ff86fc4a000 	C:\Program Files\Java\jdk-12.0.1\bin\msvcp140.dll
0x00007ff83a860000 - 0x00007ff83b3d4000 	C:\Program Files\Java\jdk-12.0.1\bin\server\jvm.dll
0x00007ff887400000 - 0x00007ff887408000 	C:\WINDOWS\System32\PSAPI.DLL
0x00007ff878d30000 - 0x00007ff878d54000 	C:\WINDOWS\SYSTEM32\WINMM.dll
0x00007ff878bd0000 - 0x00007ff878bd9000 	C:\WINDOWS\SYSTEM32\WSOCK32.dll
0x00007ff887490000 - 0x00007ff8874ff000 	C:\WINDOWS\System32\WS2_32.dll
0x00007ff878af0000 - 0x00007ff878b1d000 	C:\WINDOWS\SYSTEM32\winmmbase.dll
0x00007ff8856a0000 - 0x00007ff8856ea000 	C:\WINDOWS\System32\cfgmgr32.dll
0x00007ff8855c0000 - 0x00007ff8855d1000 	C:\WINDOWS\System32\kernel.appcore.dll
0x00007ff877370000 - 0x00007ff877381000 	C:\Program Files\Java\jdk-12.0.1\bin\verify.dll
0x00007ff883ff0000 - 0x00007ff8841e4000 	C:\WINDOWS\SYSTEM32\DBGHELP.DLL
0x00007ff87cae0000 - 0x00007ff87cb0a000 	C:\WINDOWS\SYSTEM32\dbgcore.DLL
0x00007ff877340000 - 0x00007ff877366000 	C:\Program Files\Java\jdk-12.0.1\bin\java.dll
0x00007ff877320000 - 0x00007ff877337000 	C:\Program Files\Java\jdk-12.0.1\bin\zip.dll
0x00007ff878bc0000 - 0x00007ff878bca000 	C:\Program Files\Java\jdk-12.0.1\bin\jimage.dll

dbghelp: loaded successfully - version: 4.0.5 - missing functions: none
symbol engine: initialized successfully - sym options: 0x614 - pdb path: .;C:\Program Files\Java\jdk-12.0.1\bin;C:\WINDOWS\SYSTEM32;C:\WINDOWS\WinSxS\amd64_microsoft.windows.common-controls_6595b64144ccf1df_6.0.18362.535_none_e6c3b34713100821;C:\Program Files\Java\jdk-12.0.1\bin\server

VM Arguments:
jvm_args: -Dfile.encoding=Cp1252 
java_command: base.ClassMain
java_class_path (initial): C:\Users\viviana\eclipse-workspace\BASIDIDATI\bin
Launcher Type: SUN_STANDARD

[Global flags]
     intx CICompilerCount                          = 4                                         {product} {ergonomic}
     uint ConcGCThreads                            = 2                                         {product} {ergonomic}
     uint G1ConcRefinementThreads                  = 8                                         {product} {ergonomic}
   size_t G1HeapRegionSize                         = 1048576                                   {product} {ergonomic}
    uintx GCDrainStackTargetSize                   = 64                                        {product} {ergonomic}
   size_t InitialHeapSize                          = 268435456                                 {product} {ergonomic}
   size_t MarkStackSize                            = 4194304                                   {product} {ergonomic}
   size_t MaxHeapSize                              = 4265607168                                {product} {ergonomic}
   size_t MinHeapDeltaBytes                        = 1048576                                   {product} {ergonomic}
    uintx NonNMethodCodeHeapSize                   = 5836300                                {pd product} {ergonomic}
    uintx NonProfiledCodeHeapSize                  = 122910970                              {pd product} {ergonomic}
    uintx ProfiledCodeHeapSize                     = 122910970                              {pd product} {ergonomic}
    uintx ReservedCodeCacheSize                    = 251658240                              {pd product} {ergonomic}
     bool SegmentedCodeCache                       = true                                      {product} {ergonomic}
     bool UseCompressedClassPointers               = true                                 {lp64_product} {ergonomic}
     bool UseCompressedOops                        = true                                 {lp64_product} {ergonomic}
     bool UseG1GC                                  = true                                      {product} {ergonomic}
     bool UseLargePagesIndividualAllocation        = false                                  {pd product} {ergonomic}

Logging:
Log output configuration:
 #0: stdout all=warning uptime,level,tags
 #1: stderr all=off uptime,level,tags

Environment Variables:
PATH=C:/Program Files/Java/jdk-12.0.1/bin/server;C:/Program Files/Java/jdk-12.0.1/bin;C:\Program Files (x86)\Common Files\Oracle\Java\javapath;C:\Program Files (x86)\Intel\iCLS Client\;C:\Program Files\Intel\iCLS Client\;C:\windows\system32;C:\windows;C:\windows\System32\Wbem;C:\windows\System32\WindowsPowerShell\v1.0\;C:\Program Files (x86)\NVIDIA Corporation\PhysX\Common;C:\WINDOWS\system32;C:\WINDOWS;C:\WINDOWS\System32\Wbem;C:\WINDOWS\System32\WindowsPowerShell\v1.0\;C:\Program Files (x86)\Intel\Intel(R) Management Engine Components\DAL;C:\Program Files\Intel\Intel(R) Management Engine Components\DAL;C:\Program Files (x86)\Intel\Intel(R) Management Engine Components\IPT;C:\Program Files\Intel\Intel(R) Management Engine Components\IPT;C:\WINDOWS\System32\OpenSSH\;C:\Users\viviana\AppData\Local\Microsoft\WindowsApps;C:\adb;C:\Program Files\Intel\WiFi\bin\;C:\Program Files\Common Files\Intel\WirelessCommon\;%SystemRoot%\system32;%SystemRoot%;%SystemRoot%\System32\Wbem;%SYSTEMROOT%\System32\WindowsPowerShell\v1.0\;%SYSTEMROOT%\System32\OpenSSH\;C:\Users\viviana\AppData\Local\Microsoft\WindowsApps;;C:\Users\viviana\Desktop;
USERNAME=viviana
OS=Windows_NT
PROCESSOR_IDENTIFIER=Intel64 Family 6 Model 158 Stepping 9, GenuineIntel



---------------  S Y S T E M  ---------------

OS: Windows 10 , 64 bit Build 18362 (10.0.18362.329)

CPU:total 8 (initial active 8) (4 cores per cpu, 2 threads per core) family 6 model 158 stepping 9, cmov, cx8, fxsr, mmx, sse, sse2, sse3, ssse3, sse4.1, sse4.2, popcnt, avx, avx2, aes, clmul, erms, 3dnowpref, lzcnt, ht, tsc, tscinvbit, bmi1, bmi2, adx, fma

Memory: 4k page, system-wide physical 16269M (6806M free)
TotalPageFile size 65403M (AvailPageFile size 232M)
current process WorkingSet (physical memory assigned to process): 10M, peak: 10M
current process commit charge ("private bytes"): 61M, peak: 317M

vm_info: Java HotSpot(TM) 64-Bit Server VM (12.0.1+12) for windows-amd64 JRE (12.0.1+12), built on Apr  2 2019 14:02:19 by "mach5one" with MS VC++ 15.5 (VS2017)

END.
